2022-12-19 13:43:08,868 INFO  Logger.cs: 70 - 
--------------------------------------------------------------------------------
2022-12-19 13:43:08,898 INFO  Logger.cs: 71 - Logging commencing for SW2URDF exporter
2022-12-19 13:43:08,898 INFO  Logger.cs: 73 - Commit version 1.6.0-4-g7f85cfe
2022-12-19 13:43:08,898 INFO  Logger.cs: 74 - Build version 1.6.7995.38578
2022-12-19 13:43:08,898 INFO  SwAddin.cs: 192 - Attempting to connect to SW
2022-12-19 13:43:08,898 INFO  SwAddin.cs: 197 - Setting up callbacks
2022-12-19 13:43:08,898 INFO  SwAddin.cs: 201 - Setting up command manager
2022-12-19 13:43:08,898 INFO  SwAddin.cs: 204 - Adding command manager
2022-12-19 13:43:08,898 INFO  SwAddin.cs: 263 - Adding Assembly export to file menu
2022-12-19 13:43:08,898 INFO  SwAddin.cs: 272 - Adding Part export to file menu
2022-12-19 13:43:08,898 INFO  SwAddin.cs: 210 - Adding event handlers
2022-12-19 13:43:08,898 INFO  SwAddin.cs: 217 - Connecting plugin to SolidWorks
2022-12-19 14:11:52,855 INFO  SwAddin.cs: 351 - Part export called
2022-12-19 14:11:52,911 INFO  ExportHelperExtension.cs: 1125 - Retrieving features of type [CoordSys] from cubeSLDPRT.SLDPRT
2022-12-19 14:11:52,911 INFO  ExportHelperExtension.cs: 1136 - Found 25 in cubeSLDPRT.SLDPRT
2022-12-19 14:11:52,911 INFO  ExportHelperExtension.cs: 1145 - Found 0 features of type [CoordSys] in cubeSLDPRT.SLDPRT
2022-12-19 14:11:52,911 INFO  ExportHelperExtension.cs: 1125 - Retrieving features of type [RefAxis] from cubeSLDPRT.SLDPRT
2022-12-19 14:11:52,911 INFO  ExportHelperExtension.cs: 1136 - Found 25 in cubeSLDPRT.SLDPRT
2022-12-19 14:11:52,911 INFO  ExportHelperExtension.cs: 1145 - Found 0 features of type [RefAxis] in cubeSLDPRT.SLDPRT
2022-12-19 14:11:52,911 INFO  SwAddin.cs: 367 - Showing part
2022-12-19 14:12:17,605 INFO  SwAddin.cs: 351 - Part export called
2022-12-19 14:12:17,611 INFO  ExportHelperExtension.cs: 1125 - Retrieving features of type [CoordSys] from cubeSLDPRT.SLDPRT
2022-12-19 14:12:17,611 INFO  ExportHelperExtension.cs: 1136 - Found 25 in cubeSLDPRT.SLDPRT
2022-12-19 14:12:17,611 INFO  ExportHelperExtension.cs: 1145 - Found 0 features of type [CoordSys] in cubeSLDPRT.SLDPRT
2022-12-19 14:12:17,611 INFO  ExportHelperExtension.cs: 1125 - Retrieving features of type [RefAxis] from cubeSLDPRT.SLDPRT
2022-12-19 14:12:17,611 INFO  ExportHelperExtension.cs: 1136 - Found 25 in cubeSLDPRT.SLDPRT
2022-12-19 14:12:17,611 INFO  ExportHelperExtension.cs: 1145 - Found 0 features of type [RefAxis] in cubeSLDPRT.SLDPRT
2022-12-19 14:12:17,611 INFO  SwAddin.cs: 367 - Showing part
2022-12-19 14:13:31,937 INFO  SwAddin.cs: 294 - Assembly export called for file Assem1.SLDASM
2022-12-19 14:13:35,966 INFO  SwAddin.cs: 313 - Saving assembly
2022-12-19 14:13:36,026 INFO  SwAddin.cs: 316 - Opening property manager
2022-12-19 14:13:36,033 INFO  ExportHelperExtension.cs: 1125 - Retrieving features of type [CoordSys] from Assem1.SLDASM
2022-12-19 14:13:36,034 INFO  ExportHelperExtension.cs: 1136 - Found 24 in Assem1.SLDASM
2022-12-19 14:13:36,042 INFO  ExportHelperExtension.cs: 1145 - Found 0 features of type [CoordSys] in Assem1.SLDASM
2022-12-19 14:13:36,044 INFO  ExportHelperExtension.cs: 1148 - Proceeding through assembly components
2022-12-19 14:13:36,045 INFO  ExportHelperExtension.cs: 1160 - 1 components to check
2022-12-19 14:13:36,047 INFO  ExportHelperExtension.cs: 1125 - Retrieving features of type [CoordSys] from cubeSLDPRT-1
2022-12-19 14:13:36,047 INFO  ExportHelperExtension.cs: 1136 - Found 25 in cubeSLDPRT-1
2022-12-19 14:13:36,048 INFO  ExportHelperExtension.cs: 1145 - Found 0 features of type [CoordSys] in cubeSLDPRT-1
2022-12-19 14:13:36,048 INFO  ExportHelperExtension.cs: 1125 - Retrieving features of type [RefAxis] from Assem1.SLDASM
2022-12-19 14:13:36,049 INFO  ExportHelperExtension.cs: 1136 - Found 24 in Assem1.SLDASM
2022-12-19 14:13:36,050 INFO  ExportHelperExtension.cs: 1145 - Found 0 features of type [RefAxis] in Assem1.SLDASM
2022-12-19 14:13:36,050 INFO  ExportHelperExtension.cs: 1148 - Proceeding through assembly components
2022-12-19 14:13:36,051 INFO  ExportHelperExtension.cs: 1160 - 1 components to check
2022-12-19 14:13:36,053 INFO  ExportHelperExtension.cs: 1125 - Retrieving features of type [RefAxis] from cubeSLDPRT-1
2022-12-19 14:13:36,053 INFO  ExportHelperExtension.cs: 1136 - Found 25 in cubeSLDPRT-1
2022-12-19 14:13:36,054 INFO  ExportHelperExtension.cs: 1145 - Found 0 features of type [RefAxis] in cubeSLDPRT-1
2022-12-19 14:13:36,232 INFO  SwAddin.cs: 339 - Loading config tree
2022-12-19 14:13:36,232 INFO  ExportPropertyManagerExtension.cs: 520 - Starting new configuration
2022-12-19 14:13:36,232 INFO  SwAddin.cs: 344 - Showing property manager
2022-12-19 14:13:50,336 INFO  ExportPropertyManager.cs: 1136 - OnNumberBoxTrackingCompleted called. This method no longer throws an Exception. It just silently does nothing. Ok, except for this logging message
2022-12-19 14:13:52,686 INFO  ExportPropertyManager.cs: 1136 - OnNumberBoxTrackingCompleted called. This method no longer throws an Exception. It just silently does nothing. Ok, except for this logging message
2022-12-19 14:13:54,495 INFO  ExportPropertyManager.cs: 422 - Configuration saved
2022-12-19 14:13:54,657 INFO  ExportPropertyManager.cs: 1142 - AfterClose called. This method no longer throws an Exception. It just silently does nothing. Ok, except for this logging message
2022-12-19 14:15:22,500 INFO  SwAddin.cs: 294 - Assembly export called for file Assem1.SLDASM
2022-12-19 14:15:22,500 INFO  SwAddin.cs: 299 - Save is required
2022-12-19 14:15:22,500 INFO  SwAddin.cs: 313 - Saving assembly
2022-12-19 14:15:22,642 INFO  SwAddin.cs: 316 - Opening property manager
2022-12-19 14:15:22,642 INFO  ExportHelperExtension.cs: 1125 - Retrieving features of type [CoordSys] from Assem1.SLDASM
2022-12-19 14:15:22,643 INFO  ExportHelperExtension.cs: 1136 - Found 24 in Assem1.SLDASM
2022-12-19 14:15:22,644 INFO  ExportHelperExtension.cs: 1145 - Found 0 features of type [CoordSys] in Assem1.SLDASM
2022-12-19 14:15:22,644 INFO  ExportHelperExtension.cs: 1148 - Proceeding through assembly components
2022-12-19 14:15:22,645 INFO  ExportHelperExtension.cs: 1160 - 1 components to check
2022-12-19 14:15:22,645 INFO  ExportHelperExtension.cs: 1125 - Retrieving features of type [CoordSys] from cubeSLDPRT-1
2022-12-19 14:15:22,646 INFO  ExportHelperExtension.cs: 1136 - Found 25 in cubeSLDPRT-1
2022-12-19 14:15:22,646 INFO  ExportHelperExtension.cs: 1145 - Found 0 features of type [CoordSys] in cubeSLDPRT-1
2022-12-19 14:15:22,647 INFO  ExportHelperExtension.cs: 1125 - Retrieving features of type [RefAxis] from Assem1.SLDASM
2022-12-19 14:15:22,647 INFO  ExportHelperExtension.cs: 1136 - Found 24 in Assem1.SLDASM
2022-12-19 14:15:22,649 INFO  ExportHelperExtension.cs: 1145 - Found 0 features of type [RefAxis] in Assem1.SLDASM
2022-12-19 14:15:22,649 INFO  ExportHelperExtension.cs: 1148 - Proceeding through assembly components
2022-12-19 14:15:22,649 INFO  ExportHelperExtension.cs: 1160 - 1 components to check
2022-12-19 14:15:22,650 INFO  ExportHelperExtension.cs: 1125 - Retrieving features of type [RefAxis] from cubeSLDPRT-1
2022-12-19 14:15:22,723 INFO  ExportHelperExtension.cs: 1136 - Found 25 in cubeSLDPRT-1
2022-12-19 14:15:22,724 INFO  ExportHelperExtension.cs: 1145 - Found 0 features of type [RefAxis] in cubeSLDPRT-1
2022-12-19 14:15:22,856 INFO  SwAddin.cs: 339 - Loading config tree
2022-12-19 14:15:22,856 INFO  ExportPropertyManagerExtension.cs: 520 - Starting new configuration
2022-12-19 14:15:22,856 INFO  SwAddin.cs: 344 - Showing property manager
2022-12-19 14:15:40,161 INFO  ExportPropertyManager.cs: 1136 - OnNumberBoxTrackingCompleted called. This method no longer throws an Exception. It just silently does nothing. Ok, except for this logging message
2022-12-19 14:15:41,366 INFO  ExportPropertyManager.cs: 1136 - OnNumberBoxTrackingCompleted called. This method no longer throws an Exception. It just silently does nothing. Ok, except for this logging message
2022-12-19 14:15:42,264 INFO  ExportPropertyManager.cs: 1136 - OnNumberBoxTrackingCompleted called. This method no longer throws an Exception. It just silently does nothing. Ok, except for this logging message
2022-12-19 14:15:42,481 INFO  ExportPropertyManager.cs: 1136 - OnNumberBoxTrackingCompleted called. This method no longer throws an Exception. It just silently does nothing. Ok, except for this logging message
2022-12-19 14:15:43,933 INFO  ExportPropertyManager.cs: 422 - Configuration saved
2022-12-19 14:15:44,756 INFO  ExportPropertyManager.cs: 1142 - AfterClose called. This method no longer throws an Exception. It just silently does nothing. Ok, except for this logging message
2022-12-19 14:16:31,333 INFO  SwAddin.cs: 294 - Assembly export called for file Assem1.SLDASM
2022-12-19 14:16:31,345 INFO  SwAddin.cs: 299 - Save is required
2022-12-19 14:16:31,345 INFO  SwAddin.cs: 313 - Saving assembly
2022-12-19 14:16:31,481 INFO  SwAddin.cs: 316 - Opening property manager
2022-12-19 14:16:31,482 INFO  ExportHelperExtension.cs: 1125 - Retrieving features of type [CoordSys] from Assem1.SLDASM
2022-12-19 14:16:31,487 INFO  ExportHelperExtension.cs: 1136 - Found 24 in Assem1.SLDASM
2022-12-19 14:16:31,487 INFO  ExportHelperExtension.cs: 1145 - Found 0 features of type [CoordSys] in Assem1.SLDASM
2022-12-19 14:16:31,487 INFO  ExportHelperExtension.cs: 1148 - Proceeding through assembly components
2022-12-19 14:16:31,487 INFO  ExportHelperExtension.cs: 1160 - 1 components to check
2022-12-19 14:16:31,487 INFO  ExportHelperExtension.cs: 1125 - Retrieving features of type [CoordSys] from cubeSLDPRT-1
2022-12-19 14:16:31,491 INFO  ExportHelperExtension.cs: 1136 - Found 25 in cubeSLDPRT-1
2022-12-19 14:16:31,491 INFO  ExportHelperExtension.cs: 1145 - Found 0 features of type [CoordSys] in cubeSLDPRT-1
2022-12-19 14:16:31,491 INFO  ExportHelperExtension.cs: 1125 - Retrieving features of type [RefAxis] from Assem1.SLDASM
2022-12-19 14:16:31,491 INFO  ExportHelperExtension.cs: 1136 - Found 24 in Assem1.SLDASM
2022-12-19 14:16:31,491 INFO  ExportHelperExtension.cs: 1145 - Found 0 features of type [RefAxis] in Assem1.SLDASM
2022-12-19 14:16:31,491 INFO  ExportHelperExtension.cs: 1148 - Proceeding through assembly components
2022-12-19 14:16:31,491 INFO  ExportHelperExtension.cs: 1160 - 1 components to check
2022-12-19 14:16:31,491 INFO  ExportHelperExtension.cs: 1125 - Retrieving features of type [RefAxis] from cubeSLDPRT-1
2022-12-19 14:16:31,491 INFO  ExportHelperExtension.cs: 1136 - Found 25 in cubeSLDPRT-1
2022-12-19 14:16:31,491 INFO  ExportHelperExtension.cs: 1145 - Found 0 features of type [RefAxis] in cubeSLDPRT-1
2022-12-19 14:16:31,622 INFO  SwAddin.cs: 339 - Loading config tree
2022-12-19 14:16:31,622 INFO  ExportPropertyManagerExtension.cs: 520 - Starting new configuration
2022-12-19 14:16:31,622 INFO  SwAddin.cs: 344 - Showing property manager
2022-12-19 14:16:39,716 INFO  ExportPropertyManager.cs: 422 - Configuration saved
2022-12-19 14:16:40,746 INFO  ExportHelperExtension.cs: 1125 - Retrieving features of type [CoordSys] from Assem1.SLDASM
2022-12-19 14:16:40,749 INFO  ExportHelperExtension.cs: 1136 - Found 27 in Assem1.SLDASM
2022-12-19 14:16:40,750 INFO  ExportHelperExtension.cs: 1145 - Found 1 features of type [CoordSys] in Assem1.SLDASM
2022-12-19 14:16:40,750 INFO  ExportHelperExtension.cs: 1148 - Proceeding through assembly components
2022-12-19 14:16:40,750 INFO  ExportHelperExtension.cs: 1160 - 1 components to check
2022-12-19 14:16:40,751 INFO  ExportHelperExtension.cs: 1125 - Retrieving features of type [CoordSys] from cubeSLDPRT-1
2022-12-19 14:16:40,751 INFO  ExportHelperExtension.cs: 1136 - Found 25 in cubeSLDPRT-1
2022-12-19 14:16:40,751 INFO  ExportHelperExtension.cs: 1145 - Found 0 features of type [CoordSys] in cubeSLDPRT-1
2022-12-19 14:16:40,751 INFO  ExportHelperExtension.cs: 1125 - Retrieving features of type [RefAxis] from Assem1.SLDASM
2022-12-19 14:16:40,752 INFO  ExportHelperExtension.cs: 1136 - Found 27 in Assem1.SLDASM
2022-12-19 14:16:40,752 INFO  ExportHelperExtension.cs: 1145 - Found 0 features of type [RefAxis] in Assem1.SLDASM
2022-12-19 14:16:40,752 INFO  ExportHelperExtension.cs: 1148 - Proceeding through assembly components
2022-12-19 14:16:40,753 INFO  ExportHelperExtension.cs: 1160 - 1 components to check
2022-12-19 14:16:40,753 INFO  ExportHelperExtension.cs: 1125 - Retrieving features of type [RefAxis] from cubeSLDPRT-1
2022-12-19 14:16:40,753 INFO  ExportHelperExtension.cs: 1136 - Found 25 in cubeSLDPRT-1
2022-12-19 14:16:40,753 INFO  ExportHelperExtension.cs: 1145 - Found 0 features of type [RefAxis] in cubeSLDPRT-1
2022-12-19 14:16:40,781 INFO  ExportPropertyManager.cs: 1142 - AfterClose called. This method no longer throws an Exception. It just silently does nothing. Ok, except for this logging message
2022-12-19 14:17:01,740 INFO  SwAddin.cs: 294 - Assembly export called for file Assem1.SLDASM
2022-12-19 14:17:01,740 INFO  SwAddin.cs: 299 - Save is required
2022-12-19 14:17:01,740 INFO  SwAddin.cs: 313 - Saving assembly
2022-12-19 14:17:01,877 INFO  SwAddin.cs: 316 - Opening property manager
2022-12-19 14:17:01,877 INFO  ExportHelperExtension.cs: 1125 - Retrieving features of type [CoordSys] from Assem1.SLDASM
2022-12-19 14:17:01,878 INFO  ExportHelperExtension.cs: 1136 - Found 24 in Assem1.SLDASM
2022-12-19 14:17:01,878 INFO  ExportHelperExtension.cs: 1145 - Found 0 features of type [CoordSys] in Assem1.SLDASM
2022-12-19 14:17:01,878 INFO  ExportHelperExtension.cs: 1148 - Proceeding through assembly components
2022-12-19 14:17:01,878 INFO  ExportHelperExtension.cs: 1160 - 1 components to check
2022-12-19 14:17:01,879 INFO  ExportHelperExtension.cs: 1125 - Retrieving features of type [CoordSys] from cubeSLDPRT-1
2022-12-19 14:17:01,879 INFO  ExportHelperExtension.cs: 1136 - Found 25 in cubeSLDPRT-1
2022-12-19 14:17:01,879 INFO  ExportHelperExtension.cs: 1145 - Found 0 features of type [CoordSys] in cubeSLDPRT-1
2022-12-19 14:17:01,879 INFO  ExportHelperExtension.cs: 1125 - Retrieving features of type [RefAxis] from Assem1.SLDASM
2022-12-19 14:17:01,879 INFO  ExportHelperExtension.cs: 1136 - Found 24 in Assem1.SLDASM
2022-12-19 14:17:01,883 INFO  ExportHelperExtension.cs: 1145 - Found 0 features of type [RefAxis] in Assem1.SLDASM
2022-12-19 14:17:01,883 INFO  ExportHelperExtension.cs: 1148 - Proceeding through assembly components
2022-12-19 14:17:01,884 INFO  ExportHelperExtension.cs: 1160 - 1 components to check
2022-12-19 14:17:01,884 INFO  ExportHelperExtension.cs: 1125 - Retrieving features of type [RefAxis] from cubeSLDPRT-1
2022-12-19 14:17:01,885 INFO  ExportHelperExtension.cs: 1136 - Found 25 in cubeSLDPRT-1
2022-12-19 14:17:01,894 INFO  ExportHelperExtension.cs: 1145 - Found 0 features of type [RefAxis] in cubeSLDPRT-1
2022-12-19 14:17:02,075 INFO  SwAddin.cs: 339 - Loading config tree
2022-12-19 14:17:02,075 INFO  ExportPropertyManagerExtension.cs: 520 - Starting new configuration
2022-12-19 14:17:02,078 INFO  SwAddin.cs: 344 - Showing property manager
2022-12-19 14:17:08,318 INFO  ExportPropertyManager.cs: 422 - Configuration saved
2022-12-19 14:17:09,164 INFO  ExportHelperExtension.cs: 1125 - Retrieving features of type [CoordSys] from Assem1.SLDASM
2022-12-19 14:17:09,185 INFO  ExportHelperExtension.cs: 1136 - Found 27 in Assem1.SLDASM
2022-12-19 14:17:09,185 INFO  ExportHelperExtension.cs: 1145 - Found 1 features of type [CoordSys] in Assem1.SLDASM
2022-12-19 14:17:09,185 INFO  ExportHelperExtension.cs: 1148 - Proceeding through assembly components
2022-12-19 14:17:09,185 INFO  ExportHelperExtension.cs: 1160 - 1 components to check
2022-12-19 14:17:09,185 INFO  ExportHelperExtension.cs: 1125 - Retrieving features of type [CoordSys] from cubeSLDPRT-1
2022-12-19 14:17:09,185 INFO  ExportHelperExtension.cs: 1136 - Found 25 in cubeSLDPRT-1
2022-12-19 14:17:09,185 INFO  ExportHelperExtension.cs: 1145 - Found 0 features of type [CoordSys] in cubeSLDPRT-1
2022-12-19 14:17:09,185 INFO  ExportHelperExtension.cs: 1125 - Retrieving features of type [RefAxis] from Assem1.SLDASM
2022-12-19 14:17:09,185 INFO  ExportHelperExtension.cs: 1136 - Found 27 in Assem1.SLDASM
2022-12-19 14:17:09,185 INFO  ExportHelperExtension.cs: 1145 - Found 0 features of type [RefAxis] in Assem1.SLDASM
2022-12-19 14:17:09,185 INFO  ExportHelperExtension.cs: 1148 - Proceeding through assembly components
2022-12-19 14:17:09,185 INFO  ExportHelperExtension.cs: 1160 - 1 components to check
2022-12-19 14:17:09,185 INFO  ExportHelperExtension.cs: 1125 - Retrieving features of type [RefAxis] from cubeSLDPRT-1
2022-12-19 14:17:09,185 INFO  ExportHelperExtension.cs: 1136 - Found 25 in cubeSLDPRT-1
2022-12-19 14:17:09,185 INFO  ExportHelperExtension.cs: 1145 - Found 0 features of type [RefAxis] in cubeSLDPRT-1
2022-12-19 14:17:09,232 INFO  ExportPropertyManager.cs: 1142 - AfterClose called. This method no longer throws an Exception. It just silently does nothing. Ok, except for this logging message
2022-12-19 14:17:56,145 INFO  AssemblyExportForm.cs: 253 - Completing URDF export
2022-12-19 14:17:56,161 INFO  ConfigurationSerialization.cs: 276 - URDF Configuration found
<Link z:Id="i1" xmlns="http://schemas.datacontract.org/2004/07/SW2URDF" xmlns:i="http://www.w3.org/2001/XMLSchema-instance" xmlns:z="http://schemas.microsoft.com/2003/10/Serialization/"><Attributes><Attribute z:Id="i2"><AttributeType>name</AttributeType><IsRequired>true</IsRequired><Value i:type="a:string" xmlns:a="http://www.w3.org/2001/XMLSchema">base_link</Value></Attribute></Attributes><ChildElements><URDFElement z:Id="i3" i:type="Inertial"><Attributes/><ChildElements><URDFElement z:Id="i4" i:type="Origin"><Attributes><Attribute z:Id="i5"><AttributeType>xyz</AttributeType><IsRequired>true</IsRequired><Value i:type="a:ArrayOfdouble" xmlns:a="http://schemas.microsoft.com/2003/10/Serialization/Arrays"><a:double>0</a:double><a:double>0</a:double><a:double>0</a:double></Value></Attribute><Attribute z:Id="i6"><AttributeType>rpy</AttributeType><IsRequired>true</IsRequired><Value i:type="a:ArrayOfdouble" xmlns:a="http://schemas.microsoft.com/2003/10/Serialization/Arrays"><a:double>0</a:double><a:double>0</a:double><a:double>0</a:double></Value></Attribute></Attributes><ChildElements/><ElementName>origin</ElementName><required>false</required><RPYAttribute z:Ref="i6"/><XYZAttribute z:Ref="i5"/><isCustomized>false</isCustomized></URDFElement><URDFElement z:Id="i7" i:type="Mass"><Attributes><Attribute z:Id="i8"><AttributeType>value</AttributeType><IsRequired>true</IsRequired><Value i:type="a:double" xmlns:a="http://www.w3.org/2001/XMLSchema">0</Value></Attribute></Attributes><ChildElements/><ElementName>mass</ElementName><required>false</required><ValueAttribute z:Ref="i8"/></URDFElement><URDFElement z:Id="i9" i:type="Inertia"><Attributes><Attribute z:Id="i10"><AttributeType>ixx</AttributeType><IsRequired>true</IsRequired><Value i:type="a:double" xmlns:a="http://www.w3.org/2001/XMLSchema">0</Value></Attribute><Attribute z:Id="i11"><AttributeType>ixy</AttributeType><IsRequired>true</IsRequired><Value i:type="a:double" xmlns:a="http://www.w3.org/2001/XMLSchema">0</Value></Attribute><Attribute z:Id="i12"><AttributeType>ixz</AttributeType><IsRequired>true</IsRequired><Value i:type="a:double" xmlns:a="http://www.w3.org/2001/XMLSchema">0</Value></Attribute><Attribute z:Id="i13"><AttributeType>iyy</AttributeType><IsRequired>true</IsRequired><Value i:type="a:double" xmlns:a="http://www.w3.org/2001/XMLSchema">0</Value></Attribute><Attribute z:Id="i14"><AttributeType>iyz</AttributeType><IsRequired>true</IsRequired><Value i:type="a:double" xmlns:a="http://www.w3.org/2001/XMLSchema">0</Value></Attribute><Attribute z:Id="i15"><AttributeType>izz</AttributeType><IsRequired>true</IsRequired><Value i:type="a:double" xmlns:a="http://www.w3.org/2001/XMLSchema">0</Value></Attribute></Attributes><ChildElements/><ElementName>inertia</ElementName><required>false</required><IxxAttribute z:Ref="i10"/><IxyAttribute z:Ref="i11"/><IxzAttribute z:Ref="i12"/><IyyAttribute z:Ref="i13"/><IyzAttribute z:Ref="i14"/><IzzAttribute z:Ref="i15"/></URDFElement></ChildElements><ElementName>inertial</ElementName><required>false</required><Inertia z:Ref="i9"/><Mass z:Ref="i7"/><Origin z:Ref="i4"/></URDFElement><URDFElement z:Id="i16" i:type="Visual"><Attributes/><ChildElements><URDFElement z:Id="i17" i:type="Origin"><Attributes><Attribute z:Id="i18"><AttributeType>xyz</AttributeType><IsRequired>true</IsRequired><Value i:type="a:ArrayOfdouble" xmlns:a="http://schemas.microsoft.com/2003/10/Serialization/Arrays"><a:double>0</a:double><a:double>0</a:double><a:double>0</a:double></Value></Attribute><Attribute z:Id="i19"><AttributeType>rpy</AttributeType><IsRequired>true</IsRequired><Value i:type="a:ArrayOfdouble" xmlns:a="http://schemas.microsoft.com/2003/10/Serialization/Arrays"><a:double>0</a:double><a:double>0</a:double><a:double>0</a:double></Value></Attribute></Attributes><ChildElements/><ElementName>origin</ElementName><required>false</required><RPYAttribute z:Ref="i19"/><XYZAttribute z:Ref="i18"/><isCustomized>false</isCustomized></URDFElement><URDFElement z:Id="i20" i:type="Geometry"><Attributes/><ChildElements><URDFElement z:Id="i21" i:type="Mesh"><Attributes><Attribute z:Id="i22"><AttributeType>filename</AttributeType><IsRequired>true</IsRequired><Value i:nil="true"/></Attribute></Attributes><ChildElements/><ElementName>mesh</ElementName><required>false</required><FilenameAttribute z:Ref="i22"/></URDFElement></ChildElements><ElementName>geometry</ElementName><required>true</required><Mesh z:Ref="i21"/></URDFElement><URDFElement z:Id="i23" i:type="Material"><Attributes><Attribute z:Id="i24"><AttributeType>name</AttributeType><IsRequired>true</IsRequired><Value i:type="a:string" xmlns:a="http://www.w3.org/2001/XMLSchema"/></Attribute></Attributes><ChildElements><URDFElement z:Id="i25" i:type="Color"><Attributes><Attribute z:Id="i26"><AttributeType>rgba</AttributeType><IsRequired>true</IsRequired><Value i:type="a:ArrayOfdouble" xmlns:a="http://schemas.microsoft.com/2003/10/Serialization/Arrays"><a:double>1</a:double><a:double>1</a:double><a:double>1</a:double><a:double>1</a:double></Value></Attribute></Attributes><ChildElements/><ElementName>color</ElementName><required>false</required><RGBAAttribute z:Ref="i26"/></URDFElement><URDFElement z:Id="i27" i:type="Texture"><Attributes><Attribute z:Id="i28"><AttributeType>filename</AttributeType><IsRequired>true</IsRequired><Value i:nil="true"/></Attribute></Attributes><ChildElements/><ElementName>texture</ElementName><required>false</required><FilenameAttribute z:Ref="i28"/><wFilename/></URDFElement></ChildElements><ElementName>material</ElementName><required>false</required><Color z:Ref="i25"/><NameAttribute z:Ref="i24"/><Texture z:Ref="i27"/></URDFElement></ChildElements><ElementName>visual</ElementName><required>false</required><Geometry z:Ref="i20"/><Material z:Ref="i23"/><Origin z:Ref="i17"/></URDFElement><URDFElement z:Id="i29" i:type="Collision"><Attributes/><ChildElements><URDFElement z:Id="i30" i:type="Origin"><Attributes><Attribute z:Id="i31"><AttributeType>xyz</AttributeType><IsRequired>true</IsRequired><Value i:type="a:ArrayOfdouble" xmlns:a="http://schemas.microsoft.com/2003/10/Serialization/Arrays"><a:double>0</a:double><a:double>0</a:double><a:double>0</a:double></Value></Attribute><Attribute z:Id="i32"><AttributeType>rpy</AttributeType><IsRequired>true</IsRequired><Value i:type="a:ArrayOfdouble" xmlns:a="http://schemas.microsoft.com/2003/10/Serialization/Arrays"><a:double>0</a:double><a:double>0</a:double><a:double>0</a:double></Value></Attribute></Attributes><ChildElements/><ElementName>origin</ElementName><required>false</required><RPYAttribute z:Ref="i32"/><XYZAttribute z:Ref="i31"/><isCustomized>false</isCustomized></URDFElement><URDFElement z:Id="i33" i:type="Geometry"><Attributes/><ChildElements><URDFElement z:Id="i34" i:type="Mesh"><Attributes><Attribute z:Id="i35"><AttributeType>filename</AttributeType><IsRequired>true</IsRequired><Value i:nil="true"/></Attribute></Attributes><ChildElements/><ElementName>mesh</ElementName><required>false</required><FilenameAttribute z:Ref="i35"/></URDFElement></ChildElements><ElementName>geometry</ElementName><required>true</required><Mesh z:Ref="i34"/></URDFElement></ChildElements><ElementName>collision</ElementName><required>false</required><Geometry z:Ref="i33"/><Origin z:Ref="i30"/></URDFElement><URDFElement z:Id="i36" i:type="Joint"><Attributes><Attribute z:Id="i37"><AttributeType>name</AttributeType><IsRequired>true</IsRequired><Value i:type="a:string" xmlns:a="http://www.w3.org/2001/XMLSchema"/></Attribute><Attribute z:Id="i38"><AttributeType>type</AttributeType><IsRequired>true</IsRequired><Value i:type="a:string" xmlns:a="http://www.w3.org/2001/XMLSchema"/></Attribute></Attributes><ChildElements><URDFElement z:Id="i39" i:type="Origin"><Attributes><Attribute z:Id="i40"><AttributeType>xyz</AttributeType><IsRequired>true</IsRequired><Value i:type="a:ArrayOfdouble" xmlns:a="http://schemas.microsoft.com/2003/10/Serialization/Arrays"><a:double>0</a:double><a:double>0</a:double><a:double>0</a:double></Value></Attribute><Attribute z:Id="i41"><AttributeType>rpy</AttributeType><IsRequired>true</IsRequired><Value i:type="a:ArrayOfdouble" xmlns:a="http://schemas.microsoft.com/2003/10/Serialization/Arrays"><a:double>0</a:double><a:double>0</a:double><a:double>0</a:double></Value></Attribute></Attributes><ChildElements/><ElementName>origin</ElementName><required>false</required><RPYAttribute z:Ref="i41"/><XYZAttribute z:Ref="i40"/><isCustomized>false</isCustomized></URDFElement><URDFElement z:Id="i42" i:type="ParentLink"><Attributes><Attribute z:Id="i43"><AttributeType>link</AttributeType><IsRequired>true</IsRequired><Value i:type="a:string" xmlns:a="http://www.w3.org/2001/XMLSchema"/></Attribute></Attributes><ChildElements/><ElementName>parent</ElementName><required>true</required><NameAttribute z:Ref="i43"/></URDFElement><URDFElement z:Id="i44" i:type="ChildLink"><Attributes><Attribute z:Id="i45"><AttributeType>link</AttributeType><IsRequired>true</IsRequired><Value i:type="a:string" xmlns:a="http://www.w3.org/2001/XMLSchema"/></Attribute></Attributes><ChildElements/><ElementName>child</ElementName><required>true</required><NameAttribute z:Ref="i45"/></URDFElement><URDFElement z:Id="i46" i:type="Axis"><Attributes><Attribute z:Id="i47"><AttributeType>xyz</AttributeType><IsRequired>true</IsRequired><Value i:type="a:ArrayOfdouble" xmlns:a="http://schemas.microsoft.com/2003/10/Serialization/Arrays"><a:double>0</a:double><a:double>0</a:double><a:double>0</a:double></Value></Attribute></Attributes><ChildElements/><ElementName>axis</ElementName><required>false</required><XYZAttribute z:Ref="i47"/></URDFElement><URDFElement z:Id="i48" i:type="Limit"><Attributes><Attribute z:Id="i49"><AttributeType>lower</AttributeType><IsRequired>false</IsRequired><Value i:nil="true"/></Attribute><Attribute z:Id="i50"><AttributeType>upper</AttributeType><IsRequired>false</IsRequired><Value i:nil="true"/></Attribute><Attribute z:Id="i51"><AttributeType>effort</AttributeType><IsRequired>true</IsRequired><Value i:nil="true"/></Attribute><Attribute z:Id="i52"><AttributeType>velocity</AttributeType><IsRequired>true</IsRequired><Value i:nil="true"/></Attribute></Attributes><ChildElements/><ElementName>limit</ElementName><required>false</required><EffortAttribute z:Ref="i51"/><LowerAttribute z:Ref="i49"/><UpperAttribute z:Ref="i50"/><VelocityAttribute z:Ref="i52"/></URDFElement><URDFElement z:Id="i53" i:type="Calibration"><Attributes><Attribute z:Id="i54"><AttributeType>rising</AttributeType><IsRequired>false</IsRequired><Value i:nil="true"/></Attribute><Attribute z:Id="i55"><AttributeType>falling</AttributeType><IsRequired>false</IsRequired><Value i:nil="true"/></Attribute></Attributes><ChildElements/><ElementName>calibration</ElementName><required>false</required><FallingAttribute z:Ref="i55"/><RisingAttribute z:Ref="i54"/></URDFElement><URDFElement z:Id="i56" i:type="Dynamics"><Attributes><Attribute z:Id="i57"><AttributeType>damping</AttributeType><IsRequired>false</IsRequired><Value i:nil="true"/></Attribute><Attribute z:Id="i58"><AttributeType>friction</AttributeType><IsRequired>false</IsRequired><Value i:nil="true"/></Attribute></Attributes><ChildElements/><ElementName>dynamics</ElementName><required>false</required><DampingAttribute z:Ref="i57"/><FrictionAttribute z:Ref="i58"/></URDFElement><URDFElement z:Id="i59" i:type="SafetyController"><Attributes><Attribute z:Id="i60"><AttributeType>soft_upper_limit</AttributeType><IsRequired>false</IsRequired><Value i:nil="true"/></Attribute><Attribute z:Id="i61"><AttributeType>soft_lower_limit</AttributeType><IsRequired>false</IsRequired><Value i:nil="true"/></Attribute><Attribute z:Id="i62"><AttributeType>k_position</AttributeType><IsRequired>false</IsRequired><Value i:nil="true"/></Attribute><Attribute z:Id="i63"><AttributeType>k_velocity</AttributeType><IsRequired>true</IsRequired><Value i:nil="true"/></Attribute></Attributes><ChildElements/><ElementName>safety_controller</ElementName><required>false</required><KPositionAttribute z:Ref="i62"/><KVelocityAttribute z:Ref="i63"/><SoftLowerAttribute z:Ref="i61"/><SoftUpperAttribute z:Ref="i60"/></URDFElement><URDFElement z:Id="i64" i:type="Mimic"><Attributes><Attribute z:Id="i65"><AttributeType>joint</AttributeType><IsRequired>true</IsRequired><Value i:nil="true"/></Attribute><Attribute z:Id="i66"><AttributeType>multiplier</AttributeType><IsRequired>false</IsRequired><Value i:nil="true"/></Attribute><Attribute z:Id="i67"><AttributeType>offset</AttributeType><IsRequired>false</IsRequired><Value i:nil="true"/></Attribute></Attributes><ChildElements/><ElementName>mimic</ElementName><required>false</required><JointNameAttribute z:Ref="i65"/><MultiplierAttribute z:Ref="i66"/><OffsetAttribute z:Ref="i67"/></URDFElement></ChildElements><ElementName>joint</ElementName><required>false</required><Axis z:Ref="i46"/><AxisName/><Calibration z:Ref="i53"/><Child z:Ref="i44"/><CoordinateSystemName>Automatically Generate</CoordinateSystemName><Dynamics z:Ref="i56"/><Limit z:Ref="i48"/><Mimic z:Ref="i64"/><NameAttribute z:Ref="i37"/><Origin z:Ref="i39"/><Parent z:Ref="i42"/><Safety z:Ref="i59"/><TypeAttribute z:Ref="i38"/></URDFElement></ChildElements><ElementName>link</ElementName><required>true</required><Children/><Collision z:Ref="i29"/><Inertial z:Ref="i3"/><Joint z:Ref="i36"/><NameAttribute z:Ref="i2"/><Parent i:nil="true"/><STLQualityFine>false</STLQualityFine><SWComponentPIDs xmlns:a="http://schemas.microsoft.com/2003/10/Serialization/Arrays"><a:base64Binary>mDoAAAUAAAD//v8TYwB1AGIAZQBTAEwARABQAFIAVAAtADEAQABBAHMAcwBlAG0AMQAEAAAAEAAAAAEAAAABAAAAGAAAAA==</a:base64Binary></SWComponentPIDs><SWMainComponentPID i:nil="true"/><Visual z:Ref="i16"/><isFixedFrame>false</isFixedFrame><isIncomplete>false</isIncomplete></Link>
2022-12-19 14:18:04,795 INFO  AssemblyExportForm.cs: 253 - Completing URDF export
2022-12-19 14:18:04,795 INFO  ConfigurationSerialization.cs: 276 - URDF Configuration found
<Link z:Id="i1" xmlns="http://schemas.datacontract.org/2004/07/SW2URDF" xmlns:i="http://www.w3.org/2001/XMLSchema-instance" xmlns:z="http://schemas.microsoft.com/2003/10/Serialization/"><Attributes><Attribute z:Id="i2"><AttributeType>name</AttributeType><IsRequired>true</IsRequired><Value i:type="a:string" xmlns:a="http://www.w3.org/2001/XMLSchema">base_link</Value></Attribute></Attributes><ChildElements><URDFElement z:Id="i3" i:type="Inertial"><Attributes/><ChildElements><URDFElement z:Id="i4" i:type="Origin"><Attributes><Attribute z:Id="i5"><AttributeType>xyz</AttributeType><IsRequired>true</IsRequired><Value i:type="a:ArrayOfdouble" xmlns:a="http://schemas.microsoft.com/2003/10/Serialization/Arrays"><a:double>0</a:double><a:double>0</a:double><a:double>-5.5511151231257827E-17</a:double></Value></Attribute><Attribute z:Id="i6"><AttributeType>rpy</AttributeType><IsRequired>true</IsRequired><Value i:type="a:ArrayOfdouble" xmlns:a="http://schemas.microsoft.com/2003/10/Serialization/Arrays"><a:double>0</a:double><a:double>0</a:double><a:double>0</a:double></Value></Attribute></Attributes><ChildElements/><ElementName>origin</ElementName><required>false</required><RPYAttribute z:Ref="i6"/><XYZAttribute z:Ref="i5"/><isCustomized>false</isCustomized></URDFElement><URDFElement z:Id="i7" i:type="Mass"><Attributes><Attribute z:Id="i8"><AttributeType>value</AttributeType><IsRequired>true</IsRequired><Value i:type="a:double" xmlns:a="http://www.w3.org/2001/XMLSchema">124.99999999999999</Value></Attribute></Attributes><ChildElements/><ElementName>mass</ElementName><required>false</required><ValueAttribute z:Ref="i8"/></URDFElement><URDFElement z:Id="i9" i:type="Inertia"><Attributes><Attribute z:Id="i10"><AttributeType>ixx</AttributeType><IsRequired>true</IsRequired><Value i:type="a:double" xmlns:a="http://www.w3.org/2001/XMLSchema">5.2083333333333339</Value></Attribute><Attribute z:Id="i11"><AttributeType>ixy</AttributeType><IsRequired>true</IsRequired><Value i:type="a:double" xmlns:a="http://www.w3.org/2001/XMLSchema">0</Value></Attribute><Attribute z:Id="i12"><AttributeType>ixz</AttributeType><IsRequired>true</IsRequired><Value i:type="a:double" xmlns:a="http://www.w3.org/2001/XMLSchema">0</Value></Attribute><Attribute z:Id="i13"><AttributeType>iyy</AttributeType><IsRequired>true</IsRequired><Value i:type="a:double" xmlns:a="http://www.w3.org/2001/XMLSchema">5.2083333333333339</Value></Attribute><Attribute z:Id="i14"><AttributeType>iyz</AttributeType><IsRequired>true</IsRequired><Value i:type="a:double" xmlns:a="http://www.w3.org/2001/XMLSchema">0</Value></Attribute><Attribute z:Id="i15"><AttributeType>izz</AttributeType><IsRequired>true</IsRequired><Value i:type="a:double" xmlns:a="http://www.w3.org/2001/XMLSchema">5.2083333333333339</Value></Attribute></Attributes><ChildElements/><ElementName>inertia</ElementName><required>false</required><IxxAttribute z:Ref="i10"/><IxyAttribute z:Ref="i11"/><IxzAttribute z:Ref="i12"/><IyyAttribute z:Ref="i13"/><IyzAttribute z:Ref="i14"/><IzzAttribute z:Ref="i15"/></URDFElement></ChildElements><ElementName>inertial</ElementName><required>false</required><Inertia z:Ref="i9"/><Mass z:Ref="i7"/><Origin z:Ref="i4"/></URDFElement><URDFElement z:Id="i16" i:type="Visual"><Attributes/><ChildElements><URDFElement z:Id="i17" i:type="Origin"><Attributes><Attribute z:Id="i18"><AttributeType>xyz</AttributeType><IsRequired>true</IsRequired><Value i:type="a:ArrayOfdouble" xmlns:a="http://schemas.microsoft.com/2003/10/Serialization/Arrays"><a:double>0</a:double><a:double>0</a:double><a:double>0</a:double></Value></Attribute><Attribute z:Id="i19"><AttributeType>rpy</AttributeType><IsRequired>true</IsRequired><Value i:type="a:ArrayOfdouble" xmlns:a="http://schemas.microsoft.com/2003/10/Serialization/Arrays"><a:double>0</a:double><a:double>0</a:double><a:double>0</a:double></Value></Attribute></Attributes><ChildElements/><ElementName>origin</ElementName><required>false</required><RPYAttribute z:Ref="i19"/><XYZAttribute z:Ref="i18"/><isCustomized>false</isCustomized></URDFElement><URDFElement z:Id="i20" i:type="Geometry"><Attributes/><ChildElements><URDFElement z:Id="i21" i:type="Mesh"><Attributes><Attribute z:Id="i22"><AttributeType>filename</AttributeType><IsRequired>true</IsRequired><Value i:nil="true"/></Attribute></Attributes><ChildElements/><ElementName>mesh</ElementName><required>false</required><FilenameAttribute z:Ref="i22"/></URDFElement></ChildElements><ElementName>geometry</ElementName><required>true</required><Mesh z:Ref="i21"/></URDFElement><URDFElement z:Id="i23" i:type="Material"><Attributes><Attribute z:Id="i24"><AttributeType>name</AttributeType><IsRequired>true</IsRequired><Value i:type="a:string" xmlns:a="http://www.w3.org/2001/XMLSchema"/></Attribute></Attributes><ChildElements><URDFElement z:Id="i25" i:type="Color"><Attributes><Attribute z:Id="i26"><AttributeType>rgba</AttributeType><IsRequired>true</IsRequired><Value i:type="a:ArrayOfdouble" xmlns:a="http://schemas.microsoft.com/2003/10/Serialization/Arrays"><a:double>0.792156862745098</a:double><a:double>0.81960784313725488</a:double><a:double>0.93333333333333335</a:double><a:double>1</a:double></Value></Attribute></Attributes><ChildElements/><ElementName>color</ElementName><required>false</required><RGBAAttribute z:Ref="i26"/></URDFElement><URDFElement z:Id="i27" i:type="Texture"><Attributes><Attribute z:Id="i28"><AttributeType>filename</AttributeType><IsRequired>true</IsRequired><Value i:nil="true"/></Attribute></Attributes><ChildElements/><ElementName>texture</ElementName><required>false</required><FilenameAttribute z:Ref="i28"/><wFilename/></URDFElement></ChildElements><ElementName>material</ElementName><required>false</required><Color z:Ref="i25"/><NameAttribute z:Ref="i24"/><Texture z:Ref="i27"/></URDFElement></ChildElements><ElementName>visual</ElementName><required>false</required><Geometry z:Ref="i20"/><Material z:Ref="i23"/><Origin z:Ref="i17"/></URDFElement><URDFElement z:Id="i29" i:type="Collision"><Attributes/><ChildElements><URDFElement z:Id="i30" i:type="Origin"><Attributes><Attribute z:Id="i31"><AttributeType>xyz</AttributeType><IsRequired>true</IsRequired><Value i:type="a:ArrayOfdouble" xmlns:a="http://schemas.microsoft.com/2003/10/Serialization/Arrays"><a:double>0</a:double><a:double>0</a:double><a:double>0</a:double></Value></Attribute><Attribute z:Id="i32"><AttributeType>rpy</AttributeType><IsRequired>true</IsRequired><Value i:type="a:ArrayOfdouble" xmlns:a="http://schemas.microsoft.com/2003/10/Serialization/Arrays"><a:double>0</a:double><a:double>0</a:double><a:double>0</a:double></Value></Attribute></Attributes><ChildElements/><ElementName>origin</ElementName><required>false</required><RPYAttribute z:Ref="i32"/><XYZAttribute z:Ref="i31"/><isCustomized>false</isCustomized></URDFElement><URDFElement z:Id="i33" i:type="Geometry"><Attributes/><ChildElements><URDFElement z:Id="i34" i:type="Mesh"><Attributes><Attribute z:Id="i35"><AttributeType>filename</AttributeType><IsRequired>true</IsRequired><Value i:nil="true"/></Attribute></Attributes><ChildElements/><ElementName>mesh</ElementName><required>false</required><FilenameAttribute z:Ref="i35"/></URDFElement></ChildElements><ElementName>geometry</ElementName><required>true</required><Mesh z:Ref="i34"/></URDFElement></ChildElements><ElementName>collision</ElementName><required>false</required><Geometry z:Ref="i33"/><Origin z:Ref="i30"/></URDFElement><URDFElement z:Id="i36" i:type="Joint"><Attributes><Attribute z:Id="i37"><AttributeType>name</AttributeType><IsRequired>true</IsRequired><Value i:type="a:string" xmlns:a="http://www.w3.org/2001/XMLSchema"/></Attribute><Attribute z:Id="i38"><AttributeType>type</AttributeType><IsRequired>true</IsRequired><Value i:type="a:string" xmlns:a="http://www.w3.org/2001/XMLSchema"/></Attribute></Attributes><ChildElements><URDFElement z:Id="i39" i:type="Origin"><Attributes><Attribute z:Id="i40"><AttributeType>xyz</AttributeType><IsRequired>true</IsRequired><Value i:type="a:ArrayOfdouble" xmlns:a="http://schemas.microsoft.com/2003/10/Serialization/Arrays"><a:double>0</a:double><a:double>0</a:double><a:double>0</a:double></Value></Attribute><Attribute z:Id="i41"><AttributeType>rpy</AttributeType><IsRequired>true</IsRequired><Value i:type="a:ArrayOfdouble" xmlns:a="http://schemas.microsoft.com/2003/10/Serialization/Arrays"><a:double>0</a:double><a:double>0</a:double><a:double>0</a:double></Value></Attribute></Attributes><ChildElements/><ElementName>origin</ElementName><required>false</required><RPYAttribute z:Ref="i41"/><XYZAttribute z:Ref="i40"/><isCustomized>false</isCustomized></URDFElement><URDFElement z:Id="i42" i:type="ParentLink"><Attributes><Attribute z:Id="i43"><AttributeType>link</AttributeType><IsRequired>true</IsRequired><Value i:type="a:string" xmlns:a="http://www.w3.org/2001/XMLSchema"/></Attribute></Attributes><ChildElements/><ElementName>parent</ElementName><required>true</required><NameAttribute z:Ref="i43"/></URDFElement><URDFElement z:Id="i44" i:type="ChildLink"><Attributes><Attribute z:Id="i45"><AttributeType>link</AttributeType><IsRequired>true</IsRequired><Value i:type="a:string" xmlns:a="http://www.w3.org/2001/XMLSchema"/></Attribute></Attributes><ChildElements/><ElementName>child</ElementName><required>true</required><NameAttribute z:Ref="i45"/></URDFElement><URDFElement z:Id="i46" i:type="Axis"><Attributes><Attribute z:Id="i47"><AttributeType>xyz</AttributeType><IsRequired>true</IsRequired><Value i:type="a:ArrayOfdouble" xmlns:a="http://schemas.microsoft.com/2003/10/Serialization/Arrays"><a:double>0</a:double><a:double>0</a:double><a:double>0</a:double></Value></Attribute></Attributes><ChildElements/><ElementName>axis</ElementName><required>false</required><XYZAttribute z:Ref="i47"/></URDFElement><URDFElement z:Id="i48" i:type="Limit"><Attributes><Attribute z:Id="i49"><AttributeType>lower</AttributeType><IsRequired>false</IsRequired><Value i:nil="true"/></Attribute><Attribute z:Id="i50"><AttributeType>upper</AttributeType><IsRequired>false</IsRequired><Value i:nil="true"/></Attribute><Attribute z:Id="i51"><AttributeType>effort</AttributeType><IsRequired>true</IsRequired><Value i:nil="true"/></Attribute><Attribute z:Id="i52"><AttributeType>velocity</AttributeType><IsRequired>true</IsRequired><Value i:nil="true"/></Attribute></Attributes><ChildElements/><ElementName>limit</ElementName><required>false</required><EffortAttribute z:Ref="i51"/><LowerAttribute z:Ref="i49"/><UpperAttribute z:Ref="i50"/><VelocityAttribute z:Ref="i52"/></URDFElement><URDFElement z:Id="i53" i:type="Calibration"><Attributes><Attribute z:Id="i54"><AttributeType>rising</AttributeType><IsRequired>false</IsRequired><Value i:nil="true"/></Attribute><Attribute z:Id="i55"><AttributeType>falling</AttributeType><IsRequired>false</IsRequired><Value i:nil="true"/></Attribute></Attributes><ChildElements/><ElementName>calibration</ElementName><required>false</required><FallingAttribute z:Ref="i55"/><RisingAttribute z:Ref="i54"/></URDFElement><URDFElement z:Id="i56" i:type="Dynamics"><Attributes><Attribute z:Id="i57"><AttributeType>damping</AttributeType><IsRequired>false</IsRequired><Value i:nil="true"/></Attribute><Attribute z:Id="i58"><AttributeType>friction</AttributeType><IsRequired>false</IsRequired><Value i:nil="true"/></Attribute></Attributes><ChildElements/><ElementName>dynamics</ElementName><required>false</required><DampingAttribute z:Ref="i57"/><FrictionAttribute z:Ref="i58"/></URDFElement><URDFElement z:Id="i59" i:type="SafetyController"><Attributes><Attribute z:Id="i60"><AttributeType>soft_upper_limit</AttributeType><IsRequired>false</IsRequired><Value i:nil="true"/></Attribute><Attribute z:Id="i61"><AttributeType>soft_lower_limit</AttributeType><IsRequired>false</IsRequired><Value i:nil="true"/></Attribute><Attribute z:Id="i62"><AttributeType>k_position</AttributeType><IsRequired>false</IsRequired><Value i:nil="true"/></Attribute><Attribute z:Id="i63"><AttributeType>k_velocity</AttributeType><IsRequired>true</IsRequired><Value i:nil="true"/></Attribute></Attributes><ChildElements/><ElementName>safety_controller</ElementName><required>false</required><KPositionAttribute z:Ref="i62"/><KVelocityAttribute z:Ref="i63"/><SoftLowerAttribute z:Ref="i61"/><SoftUpperAttribute z:Ref="i60"/></URDFElement><URDFElement z:Id="i64" i:type="Mimic"><Attributes><Attribute z:Id="i65"><AttributeType>joint</AttributeType><IsRequired>true</IsRequired><Value i:nil="true"/></Attribute><Attribute z:Id="i66"><AttributeType>multiplier</AttributeType><IsRequired>false</IsRequired><Value i:nil="true"/></Attribute><Attribute z:Id="i67"><AttributeType>offset</AttributeType><IsRequired>false</IsRequired><Value i:nil="true"/></Attribute></Attributes><ChildElements/><ElementName>mimic</ElementName><required>false</required><JointNameAttribute z:Ref="i65"/><MultiplierAttribute z:Ref="i66"/><OffsetAttribute z:Ref="i67"/></URDFElement></ChildElements><ElementName>joint</ElementName><required>false</required><Axis z:Ref="i46"/><AxisName/><Calibration z:Ref="i53"/><Child z:Ref="i44"/><CoordinateSystemName>Origin_global</CoordinateSystemName><Dynamics z:Ref="i56"/><Limit z:Ref="i48"/><Mimic z:Ref="i64"/><NameAttribute z:Ref="i37"/><Origin z:Ref="i39"/><Parent z:Ref="i42"/><Safety z:Ref="i59"/><TypeAttribute z:Ref="i38"/></URDFElement></ChildElements><ElementName>link</ElementName><required>true</required><Children/><Collision z:Ref="i29"/><Inertial z:Ref="i3"/><Joint z:Ref="i36"/><NameAttribute z:Ref="i2"/><Parent i:nil="true"/><STLQualityFine>false</STLQualityFine><SWComponentPIDs xmlns:a="http://schemas.microsoft.com/2003/10/Serialization/Arrays"><a:base64Binary>mDoAAAUAAAD//v8TYwB1AGIAZQBTAEwARABQAFIAVAAtADEAQABBAHMAcwBlAG0AMQAEAAAAEAAAAAEAAAABAAAAGAAAAA==</a:base64Binary></SWComponentPIDs><SWMainComponentPID i:nil="true"/><Visual z:Ref="i16"/><isFixedFrame>false</isFixedFrame><isIncomplete>false</isIncomplete></Link>
2022-12-19 14:18:25,644 INFO  AssemblyExportForm.cs: 309 - Saving URDF package to C:\Users\roelw\Desktop\RO47005 Planning & Decision Making\project\Assem1(URDF).SLDASM
2022-12-19 14:18:25,644 INFO  ExportHelper.cs: 147 - Beginning the export process
2022-12-19 14:18:25,644 INFO  ExportHelper.cs: 153 - Creating package directories with name Assem1(URDF).SLDASM and save path C:\Users\roelw\Desktop\RO47005 Planning & Decision Making\project
2022-12-19 14:18:28,025 INFO  ExportHelper.cs: 162 - Creating CMakeLists.txt at C:\Users\roelw\Desktop\RO47005 Planning & Decision Making\project\Assem1(URDF).SLDASM\CMakeLists.txt
2022-12-19 14:18:28,037 INFO  ExportHelper.cs: 166 - Creating joint names config at C:\Users\roelw\Desktop\RO47005 Planning & Decision Making\project\Assem1(URDF).SLDASM\config\joint_names_Assem1(URDF).SLDASM.yaml
2022-12-19 14:18:28,037 INFO  ExportHelper.cs: 170 - Creating package.xml at C:\Users\roelw\Desktop\RO47005 Planning & Decision Making\project\Assem1(URDF).SLDASM\package.xml
2022-12-19 14:18:28,037 INFO  PackageXMLWriter.cs: 21 - Creating package.xml at C:\Users\roelw\Desktop\RO47005 Planning & Decision Making\project\Assem1(URDF).SLDASM\package.xml
2022-12-19 14:18:28,037 INFO  ExportHelper.cs: 177 - Creating RVIZ launch file in C:\Users\roelw\Desktop\RO47005 Planning & Decision Making\project\Assem1(URDF).SLDASM\launch\
2022-12-19 14:18:28,037 INFO  ExportHelper.cs: 182 - Creating Gazebo launch file in C:\Users\roelw\Desktop\RO47005 Planning & Decision Making\project\Assem1(URDF).SLDASM\launch\
2022-12-19 14:18:28,037 INFO  ExportHelper.cs: 187 - Saving existing STL preferences
2022-12-19 14:18:28,037 INFO  ExportHelper.cs: 450 - Saving users preferences
2022-12-19 14:18:28,037 INFO  ExportHelper.cs: 190 - Modifying STL preferences
2022-12-19 14:18:28,050 INFO  ExportHelper.cs: 464 - Setting STL preferences
2022-12-19 14:18:28,050 INFO  ExportHelper.cs: 196 - Found 0 hidden components 
2022-12-19 14:18:28,050 INFO  ExportHelper.cs: 197 - Hiding all components
2022-12-19 14:18:29,117 INFO  ExportHelper.cs: 204 - Beginning individual files export
2022-12-19 14:18:29,135 INFO  ExportHelper.cs: 270 - Exporting link: base_link
2022-12-19 14:18:29,135 INFO  ExportHelper.cs: 272 - Link base_link has 0 children
2022-12-19 14:18:29,135 INFO  ExportHelper.cs: 317 - base_link: Exporting STL with coordinate frame Origin_global
2022-12-19 14:18:29,135 INFO  ExportHelper.cs: 322 - base_link: Reference geometry name 
2022-12-19 14:18:29,135 INFO  ExportHelper.cs: 330 - Saving STL to C:\Users\roelw\Desktop\RO47005 Planning & Decision Making\project\Assem1(URDF).SLDASM\meshes\base_link.STL
2022-12-19 14:18:29,217 INFO  ExportHelper.cs: 405 - Removing SW header in STL file
2022-12-19 14:18:29,217 INFO  ExportHelper.cs: 145 - Showing all components except previously hidden components
2022-12-19 14:18:29,227 INFO  ExportHelper.cs: 145 - Resetting STL preferences
2022-12-19 14:18:29,227 INFO  ExportHelper.cs: 478 - Returning STL preferences to user preferences
2022-12-19 14:18:29,227 INFO  ExportHelper.cs: 228 - Writing URDF file to C:\Users\roelw\Desktop\RO47005 Planning & Decision Making\project\Assem1(URDF).SLDASM\urdf\Assem1(URDF).SLDASM.urdf
2022-12-19 14:18:29,425 INFO  CSVImportExport.cs: 32 - Writing CSV file C:\Users\roelw\Desktop\RO47005 Planning & Decision Making\project\Assem1(URDF).SLDASM\urdf\Assem1(URDF).SLDASM.csv
2022-12-19 14:18:29,445 ERROR CSVImportExport.cs: 130 - The following columns were not written to the CSV: Link.Joint.ChildLink.link,
2022-12-19 14:18:29,445 INFO  ExportHelper.cs: 234 - Copying log file
2022-12-19 14:18:29,455 INFO  ExportHelper.cs: 439 - Copying C:\Users\roelw\sw2urdf_logs\sw2urdf.log to C:\Users\roelw\Desktop\RO47005 Planning & Decision Making\project\Assem1(URDF).SLDASM\export.log
